<?xml version="1.0" encoding="UTF-8"?>
<!-- Generated by org.testng.reporters.JUnitXMLReporter -->
<testsuite ignored="0" hostname="TYSS-Sunil" failures="2" tests="4" name="Test" time="0.205" errors="0" timestamp="2023-09-01T22:48:32 IST">
  <testcase classname="screencap.Module_91" name="one" time="0.007"/>
  <testcase classname="screencap.Module_91" name="two" time="0.007">
    <failure type="java.lang.AssertionError" message="expected [true] but found [false]">
      <![CDATA[java.lang.AssertionError: expected [true] but found [false]
at screencap.Module_91.two(Module_91.java:15)
at java.base/java.util.ArrayList.forEach(ArrayList.java:1511)
... Removed 31 stack frames]]>
    </failure>
  </testcase> <!-- two -->
  <testcase classname="screencap.Module_92" name="four" time="0.0">
    <failure type="java.lang.AssertionError" message="expected [true] but found [false]">
      <![CDATA[java.lang.AssertionError: expected [true] but found [false]
at screencap.Module_92.four(Module_92.java:15)
at java.base/java.util.ArrayList.forEach(ArrayList.java:1511)
... Removed 31 stack frames]]>
    </failure>
  </testcase> <!-- four -->
  <testcase classname="screencap.Module_92" name="three" time="0.001"/>
</testsuite> <!-- Test -->
